13-May-2024 01:16:30.175 INFO [main] org.apache.catalina.startup.VersionLoggerListener.log 서버 버전 이름:    Apache Tomcat/9.0.89
13-May-2024 01:16:30.179 INFO [main] org.apache.catalina.startup.VersionLoggerListener.log Server 빌드 시각:  May 3 2024 20:22:11 UTC
13-May-2024 01:16:30.179 INFO [main] org.apache.catalina.startup.VersionLoggerListener.log Server 버전 번호:  9.0.89.0
13-May-2024 01:16:30.179 INFO [main] org.apache.catalina.startup.VersionLoggerListener.log 운영체제 이름:     Windows 11
13-May-2024 01:16:30.180 INFO [main] org.apache.catalina.startup.VersionLoggerListener.log 운영체제 버전:     10.0
13-May-2024 01:16:30.180 INFO [main] org.apache.catalina.startup.VersionLoggerListener.log 아키텍처:          amd64
13-May-2024 01:16:30.180 INFO [main] org.apache.catalina.startup.VersionLoggerListener.log 자바 홈:           C:\Program Files\Java\jdk-11
13-May-2024 01:16:30.181 INFO [main] org.apache.catalina.startup.VersionLoggerListener.log JVM 버전:          11.0.18+9-LTS-195
13-May-2024 01:16:30.181 INFO [main] org.apache.catalina.startup.VersionLoggerListener.log JVM 벤더:          Oracle Corporation
13-May-2024 01:16:30.181 INFO [main] org.apache.catalina.startup.VersionLoggerListener.log CATALINA_BASE:     C:\Users\user\OneDrive\바탕 화면\workspace\tomcat\apache-tomcat-9.0.89
13-May-2024 01:16:30.181 INFO [main] org.apache.catalina.startup.VersionLoggerListener.log CATALINA_HOME:     C:\Users\user\OneDrive\바탕 화면\workspace\tomcat\apache-tomcat-9.0.89
13-May-2024 01:16:30.194 INFO [main] org.apache.catalina.startup.VersionLoggerListener.log 명령 행 아규먼트:  --add-opens=java.base/java.lang=ALL-UNNAMED
13-May-2024 01:16:30.194 INFO [main] org.apache.catalina.startup.VersionLoggerListener.log 명령 행 아규먼트:  --add-opens=java.base/java.io=ALL-UNNAMED
13-May-2024 01:16:30.195 INFO [main] org.apache.catalina.startup.VersionLoggerListener.log 명령 행 아규먼트:  --add-opens=java.base/java.util=ALL-UNNAMED
13-May-2024 01:16:30.196 INFO [main] org.apache.catalina.startup.VersionLoggerListener.log 명령 행 아규먼트:  --add-opens=java.base/java.util.concurrent=ALL-UNNAMED
13-May-2024 01:16:30.196 INFO [main] org.apache.catalina.startup.VersionLoggerListener.log 명령 행 아규먼트:  --add-opens=java.rmi/sun.rmi.transport=ALL-UNNAMED
13-May-2024 01:16:30.196 INFO [main] org.apache.catalina.startup.VersionLoggerListener.log 명령 행 아규먼트:  -Djava.util.logging.config.file=C:\Users\user\OneDrive\바탕 화면\workspace\tomcat\apache-tomcat-9.0.89\conf\logging.properties
13-May-2024 01:16:30.197 INFO [main] org.apache.catalina.startup.VersionLoggerListener.log 명령 행 아규먼트:  -Djava.util.logging.manager=org.apache.juli.ClassLoaderLogManager
13-May-2024 01:16:30.197 INFO [main] org.apache.catalina.startup.VersionLoggerListener.log 명령 행 아규먼트:  -Djdk.tls.ephemeralDHKeySize=2048
13-May-2024 01:16:30.198 INFO [main] org.apache.catalina.startup.VersionLoggerListener.log 명령 행 아규먼트:  -Djava.protocol.handler.pkgs=org.apache.catalina.webresources
13-May-2024 01:16:30.198 INFO [main] org.apache.catalina.startup.VersionLoggerListener.log 명령 행 아규먼트:  -Dignore.endorsed.dirs=
13-May-2024 01:16:30.198 INFO [main] org.apache.catalina.startup.VersionLoggerListener.log 명령 행 아규먼트:  -Dcatalina.base=C:\Users\user\OneDrive\바탕 화면\workspace\tomcat\apache-tomcat-9.0.89
13-May-2024 01:16:30.198 INFO [main] org.apache.catalina.startup.VersionLoggerListener.log 명령 행 아규먼트:  -Dcatalina.home=C:\Users\user\OneDrive\바탕 화면\workspace\tomcat\apache-tomcat-9.0.89
13-May-2024 01:16:30.199 INFO [main] org.apache.catalina.startup.VersionLoggerListener.log 명령 행 아규먼트:  -Djava.io.tmpdir=C:\Users\user\OneDrive\바탕 화면\workspace\tomcat\apache-tomcat-9.0.89\temp
13-May-2024 01:16:30.204 INFO [main] org.apache.catalina.core.AprLifecycleListener.lifecycleEvent APR 버전 [1.7.4]을(를) 사용한, APR 기반 Apache Tomcat Native 라이브러리 [1.3.0]을(를) 로드했습니다.
13-May-2024 01:16:30.204 INFO [main] org.apache.catalina.core.AprLifecycleListener.lifecycleEvent APR 용량정보들: IPv6 [true], sendfile [true], accept filters [false], random [true], UDS [true].
13-May-2024 01:16:30.205 INFO [main] org.apache.catalina.core.AprLifecycleListener.lifecycleEvent APR/OpenSSL 설정: useAprConnector [false], useOpenSSL [true]
13-May-2024 01:16:30.216 INFO [main] org.apache.catalina.core.AprLifecycleListener.initializeSSL OpenSSL이 성공적으로 초기화되었습니다: [OpenSSL 3.0.13 30 Jan 2024]
13-May-2024 01:16:30.520 INFO [main] org.apache.coyote.AbstractProtocol.init 프로토콜 핸들러 ["http-nio-8080"]을(를) 초기화합니다.
13-May-2024 01:16:30.550 INFO [main] org.apache.catalina.startup.Catalina.load [676] 밀리초 내에 서버가 초기화되었습니다.
13-May-2024 01:16:30.629 INFO [main] org.apache.catalina.core.StandardService.startInternal 서비스 [Catalina]을(를) 시작합니다.
13-May-2024 01:16:30.630 INFO [main] org.apache.catalina.core.StandardEngine.startInternal 서버 엔진을 시작합니다: [Apache Tomcat/9.0.89]
13-May-2024 01:16:30.644 INFO [main] org.apache.catalina.startup.HostConfig.deployDirectory 웹 애플리케이션 디렉토리 [C:\Users\user\OneDrive\바탕 화면\workspace\tomcat\apache-tomcat-9.0.89\webapps\docs]을(를) 배치합니다.
13-May-2024 01:16:31.736 WARNING [main] org.apache.catalina.util.SessionIdGeneratorBase.createSecureRandom [SHA1PRNG] 알고리즘을 사용하여, 세션 ID를 생성하기 위한 SecureRandom 객체를 생성하는데, [782] 밀리초가 소요됐습니다.
13-May-2024 01:16:31.790 INFO [main] org.apache.catalina.startup.HostConfig.deployDirectory 웹 애플리케이션 디렉토리 [C:\Users\user\OneDrive\바탕 화면\workspace\tomcat\apache-tomcat-9.0.89\webapps\docs]에 대한 배치가 [1,146] 밀리초에 완료되었습니다.
13-May-2024 01:16:31.791 INFO [main] org.apache.catalina.startup.HostConfig.deployDirectory 웹 애플리케이션 디렉토리 [C:\Users\user\OneDrive\바탕 화면\workspace\tomcat\apache-tomcat-9.0.89\webapps\examples]을(를) 배치합니다.
13-May-2024 01:16:32.435 INFO [main] org.apache.catalina.startup.HostConfig.deployDirectory 웹 애플리케이션 디렉토리 [C:\Users\user\OneDrive\바탕 화면\workspace\tomcat\apache-tomcat-9.0.89\webapps\examples]에 대한 배치가 [643] 밀리초에 완료되었습니다.
13-May-2024 01:16:32.435 INFO [main] org.apache.catalina.startup.HostConfig.deployDirectory 웹 애플리케이션 디렉토리 [C:\Users\user\OneDrive\바탕 화면\workspace\tomcat\apache-tomcat-9.0.89\webapps\host-manager]을(를) 배치합니다.
13-May-2024 01:16:32.500 INFO [main] org.apache.catalina.startup.HostConfig.deployDirectory 웹 애플리케이션 디렉토리 [C:\Users\user\OneDrive\바탕 화면\workspace\tomcat\apache-tomcat-9.0.89\webapps\host-manager]에 대한 배치가 [65] 밀리초에 완료되었습니다.
13-May-2024 01:16:32.501 INFO [main] org.apache.catalina.startup.HostConfig.deployDirectory 웹 애플리케이션 디렉토리 [C:\Users\user\OneDrive\바탕 화면\workspace\tomcat\apache-tomcat-9.0.89\webapps\manager]을(를) 배치합니다.
13-May-2024 01:16:32.565 INFO [main] org.apache.catalina.startup.HostConfig.deployDirectory 웹 애플리케이션 디렉토리 [C:\Users\user\OneDrive\바탕 화면\workspace\tomcat\apache-tomcat-9.0.89\webapps\manager]에 대한 배치가 [64] 밀리초에 완료되었습니다.
13-May-2024 01:16:32.566 INFO [main] org.apache.catalina.startup.HostConfig.deployDirectory 웹 애플리케이션 디렉토리 [C:\Users\user\OneDrive\바탕 화면\workspace\tomcat\apache-tomcat-9.0.89\webapps\ROOT]을(를) 배치합니다.
13-May-2024 01:16:32.610 INFO [main] org.apache.catalina.startup.HostConfig.deployDirectory 웹 애플리케이션 디렉토리 [C:\Users\user\OneDrive\바탕 화면\workspace\tomcat\apache-tomcat-9.0.89\webapps\ROOT]에 대한 배치가 [44] 밀리초에 완료되었습니다.
13-May-2024 01:16:32.620 INFO [main] org.apache.coyote.AbstractProtocol.start 프로토콜 핸들러 ["http-nio-8080"]을(를) 시작합니다.
13-May-2024 01:16:33.291 INFO [main] org.apache.catalina.startup.Catalina.start 서버가 [2740] 밀리초 내에 시작되었습니다.
13-May-2024 01:22:26.216 INFO [main] org.apache.catalina.startup.VersionLoggerListener.log 서버 버전 이름:    Apache Tomcat/9.0.89
13-May-2024 01:22:26.220 INFO [main] org.apache.catalina.startup.VersionLoggerListener.log Server 빌드 시각:  May 3 2024 20:22:11 UTC
13-May-2024 01:22:26.220 INFO [main] org.apache.catalina.startup.VersionLoggerListener.log Server 버전 번호:  9.0.89.0
13-May-2024 01:22:26.220 INFO [main] org.apache.catalina.startup.VersionLoggerListener.log 운영체제 이름:     Windows 11
13-May-2024 01:22:26.221 INFO [main] org.apache.catalina.startup.VersionLoggerListener.log 운영체제 버전:     10.0
13-May-2024 01:22:26.221 INFO [main] org.apache.catalina.startup.VersionLoggerListener.log 아키텍처:          amd64
13-May-2024 01:22:26.221 INFO [main] org.apache.catalina.startup.VersionLoggerListener.log 자바 홈:           C:\Program Files\Java\jdk-11
13-May-2024 01:22:26.222 INFO [main] org.apache.catalina.startup.VersionLoggerListener.log JVM 버전:          11.0.18+9-LTS-195
13-May-2024 01:22:26.222 INFO [main] org.apache.catalina.startup.VersionLoggerListener.log JVM 벤더:          Oracle Corporation
13-May-2024 01:22:26.222 INFO [main] org.apache.catalina.startup.VersionLoggerListener.log CATALINA_BASE:     C:\Users\user\OneDrive\바탕 화면\workspace\tomcat\apache-tomcat-9.0.89
13-May-2024 01:22:26.223 INFO [main] org.apache.catalina.startup.VersionLoggerListener.log CATALINA_HOME:     C:\Users\user\OneDrive\바탕 화면\workspace\tomcat\apache-tomcat-9.0.89
13-May-2024 01:22:26.237 INFO [main] org.apache.catalina.startup.VersionLoggerListener.log 명령 행 아규먼트:  --add-opens=java.base/java.lang=ALL-UNNAMED
13-May-2024 01:22:26.237 INFO [main] org.apache.catalina.startup.VersionLoggerListener.log 명령 행 아규먼트:  --add-opens=java.base/java.io=ALL-UNNAMED
13-May-2024 01:22:26.238 INFO [main] org.apache.catalina.startup.VersionLoggerListener.log 명령 행 아규먼트:  --add-opens=java.base/java.util=ALL-UNNAMED
13-May-2024 01:22:26.238 INFO [main] org.apache.catalina.startup.VersionLoggerListener.log 명령 행 아규먼트:  --add-opens=java.base/java.util.concurrent=ALL-UNNAMED
13-May-2024 01:22:26.238 INFO [main] org.apache.catalina.startup.VersionLoggerListener.log 명령 행 아규먼트:  --add-opens=java.rmi/sun.rmi.transport=ALL-UNNAMED
13-May-2024 01:22:26.239 INFO [main] org.apache.catalina.startup.VersionLoggerListener.log 명령 행 아규먼트:  -Djava.util.logging.config.file=C:\Users\user\OneDrive\바탕 화면\workspace\tomcat\apache-tomcat-9.0.89\conf\logging.properties
13-May-2024 01:22:26.239 INFO [main] org.apache.catalina.startup.VersionLoggerListener.log 명령 행 아규먼트:  -Djava.util.logging.manager=org.apache.juli.ClassLoaderLogManager
13-May-2024 01:22:26.240 INFO [main] org.apache.catalina.startup.VersionLoggerListener.log 명령 행 아규먼트:  -Djdk.tls.ephemeralDHKeySize=2048
13-May-2024 01:22:26.240 INFO [main] org.apache.catalina.startup.VersionLoggerListener.log 명령 행 아규먼트:  -Djava.protocol.handler.pkgs=org.apache.catalina.webresources
13-May-2024 01:22:26.241 INFO [main] org.apache.catalina.startup.VersionLoggerListener.log 명령 행 아규먼트:  -Dignore.endorsed.dirs=
13-May-2024 01:22:26.241 INFO [main] org.apache.catalina.startup.VersionLoggerListener.log 명령 행 아규먼트:  -Dcatalina.base=C:\Users\user\OneDrive\바탕 화면\workspace\tomcat\apache-tomcat-9.0.89
13-May-2024 01:22:26.241 INFO [main] org.apache.catalina.startup.VersionLoggerListener.log 명령 행 아규먼트:  -Dcatalina.home=C:\Users\user\OneDrive\바탕 화면\workspace\tomcat\apache-tomcat-9.0.89
13-May-2024 01:22:26.242 INFO [main] org.apache.catalina.startup.VersionLoggerListener.log 명령 행 아규먼트:  -Djava.io.tmpdir=C:\Users\user\OneDrive\바탕 화면\workspace\tomcat\apache-tomcat-9.0.89\temp
13-May-2024 01:22:26.248 INFO [main] org.apache.catalina.core.AprLifecycleListener.lifecycleEvent APR 버전 [1.7.4]을(를) 사용한, APR 기반 Apache Tomcat Native 라이브러리 [1.3.0]을(를) 로드했습니다.
13-May-2024 01:22:26.248 INFO [main] org.apache.catalina.core.AprLifecycleListener.lifecycleEvent APR 용량정보들: IPv6 [true], sendfile [true], accept filters [false], random [true], UDS [true].
13-May-2024 01:22:26.249 INFO [main] org.apache.catalina.core.AprLifecycleListener.lifecycleEvent APR/OpenSSL 설정: useAprConnector [false], useOpenSSL [true]
13-May-2024 01:22:26.258 INFO [main] org.apache.catalina.core.AprLifecycleListener.initializeSSL OpenSSL이 성공적으로 초기화되었습니다: [OpenSSL 3.0.13 30 Jan 2024]
13-May-2024 01:22:26.561 INFO [main] org.apache.coyote.AbstractProtocol.init 프로토콜 핸들러 ["http-nio-8080"]을(를) 초기화합니다.
13-May-2024 01:22:26.594 INFO [main] org.apache.catalina.startup.Catalina.load [607] 밀리초 내에 서버가 초기화되었습니다.
13-May-2024 01:22:26.669 INFO [main] org.apache.catalina.core.StandardService.startInternal 서비스 [Catalina]을(를) 시작합니다.
13-May-2024 01:22:26.669 INFO [main] org.apache.catalina.core.StandardEngine.startInternal 서버 엔진을 시작합니다: [Apache Tomcat/9.0.89]
13-May-2024 01:22:26.685 INFO [main] org.apache.catalina.startup.HostConfig.deployDirectory 웹 애플리케이션 디렉토리 [C:\Users\user\OneDrive\바탕 화면\workspace\tomcat\apache-tomcat-9.0.89\webapps\docs]을(를) 배치합니다.
13-May-2024 01:22:27.674 WARNING [main] org.apache.catalina.util.SessionIdGeneratorBase.createSecureRandom [SHA1PRNG] 알고리즘을 사용하여, 세션 ID를 생성하기 위한 SecureRandom 객체를 생성하는데, [690] 밀리초가 소요됐습니다.
13-May-2024 01:22:27.719 INFO [main] org.apache.catalina.startup.HostConfig.deployDirectory 웹 애플리케이션 디렉토리 [C:\Users\user\OneDrive\바탕 화면\workspace\tomcat\apache-tomcat-9.0.89\webapps\docs]에 대한 배치가 [1,035] 밀리초에 완료되었습니다.
13-May-2024 01:22:27.720 INFO [main] org.apache.catalina.startup.HostConfig.deployDirectory 웹 애플리케이션 디렉토리 [C:\Users\user\OneDrive\바탕 화면\workspace\tomcat\apache-tomcat-9.0.89\webapps\examples]을(를) 배치합니다.
13-May-2024 01:22:28.420 INFO [main] org.apache.catalina.startup.HostConfig.deployDirectory 웹 애플리케이션 디렉토리 [C:\Users\user\OneDrive\바탕 화면\workspace\tomcat\apache-tomcat-9.0.89\webapps\examples]에 대한 배치가 [700] 밀리초에 완료되었습니다.
13-May-2024 01:22:28.421 INFO [main] org.apache.catalina.startup.HostConfig.deployDirectory 웹 애플리케이션 디렉토리 [C:\Users\user\OneDrive\바탕 화면\workspace\tomcat\apache-tomcat-9.0.89\webapps\host-manager]을(를) 배치합니다.
13-May-2024 01:22:28.485 INFO [main] org.apache.catalina.startup.HostConfig.deployDirectory 웹 애플리케이션 디렉토리 [C:\Users\user\OneDrive\바탕 화면\workspace\tomcat\apache-tomcat-9.0.89\webapps\host-manager]에 대한 배치가 [64] 밀리초에 완료되었습니다.
13-May-2024 01:22:28.486 INFO [main] org.apache.catalina.startup.HostConfig.deployDirectory 웹 애플리케이션 디렉토리 [C:\Users\user\OneDrive\바탕 화면\workspace\tomcat\apache-tomcat-9.0.89\webapps\manager]을(를) 배치합니다.
13-May-2024 01:22:28.540 INFO [main] org.apache.catalina.startup.HostConfig.deployDirectory 웹 애플리케이션 디렉토리 [C:\Users\user\OneDrive\바탕 화면\workspace\tomcat\apache-tomcat-9.0.89\webapps\manager]에 대한 배치가 [54] 밀리초에 완료되었습니다.
13-May-2024 01:22:28.542 INFO [main] org.apache.catalina.startup.HostConfig.deployDirectory 웹 애플리케이션 디렉토리 [C:\Users\user\OneDrive\바탕 화면\workspace\tomcat\apache-tomcat-9.0.89\webapps\ROOT]을(를) 배치합니다.
13-May-2024 01:22:28.587 INFO [main] org.apache.catalina.startup.HostConfig.deployDirectory 웹 애플리케이션 디렉토리 [C:\Users\user\OneDrive\바탕 화면\workspace\tomcat\apache-tomcat-9.0.89\webapps\ROOT]에 대한 배치가 [46] 밀리초에 완료되었습니다.
13-May-2024 01:22:28.597 INFO [main] org.apache.coyote.AbstractProtocol.start 프로토콜 핸들러 ["http-nio-8080"]을(를) 시작합니다.
13-May-2024 01:22:29.318 INFO [main] org.apache.catalina.startup.Catalina.start 서버가 [2724] 밀리초 내에 시작되었습니다.
